<?xml version="1.0" encoding="UTF-8" ?>
<testsuite tests="8" failures="0" name="Steps.RunnerTest" time="38.316" errors="0" skipped="0">
  <properties>
[...]
</properties>
  <testcase classname="Scenario: Print page title and url for for the academics page" name="When I navigate to lehman college website" time="0.001"/>
  <testcase classname="Scenario: Print page title and url for for the academics page" name="And I navigate to academics page" time="0"/>
  <testcase classname="Scenario: Print page title and url for for the academics page" name="Then I validate page title \&quot;Lehman College Academics - Lehman College\&quot; and URL \&quot;http:\/\/www.lehman.edu\/academics\/\&quot;" time="0"/>
  <testcase classname="Scenario: Print page title and url for for the academics page" name="Scenario: Print page title and url for for the academics page" time="0.33"/>
  <testcase classname="Scenario: Print page title and url for for the partnerships page" name="When I navigate to lehman college website" time="0"/>
  <testcase classname="Scenario: Print page title and url for for the partnerships page" name="And I navigate to partnerships page" time="0"/>
  <testcase classname="Scenario: Print page title and url for for the partnerships page" name="Then I validate page title \&quot;Community Engagement - Lehman College\&quot; and URL \&quot;http:\/\/www.lehman.edu\/student-affairs\/community-engagement\/\&quot;" time="0"/>
  <testcase classname="Scenario: Print page title and url for for the partnerships page" name="Scenario: Print page title and url for for the partnerships page" time="0.339"/>
</testsuite>